
**** Build of configuration Debug for project blinky ****

"F:\\CCS10.2.0.00009_win64\\ccs\\utils\\bin\\gmake" -k all 
 
Building file: "../blinky.c"
Invoking: ARM Compiler
"F:/CCS10.2.0.00009_win64/ccs/tools/compiler/ti-cgt-arm_20.2.2.LTS/bin/armcl" -mv7M4 --code_state=16 --float_support=FPv4SPD16 --abi=eabi -me -O2 --include_path="F:/CCS10.2.0.00009_win64/ccs/tools/compiler/ti-cgt-arm_20.2.2.LTS/include" --include_path="C:/ti/tivaware_c_series_2_1_4_178" --advice:power=all -g --gcc --define=ccs="ccs" --define=PART_TM4C123GH6PM --define=TARGET_IS_TM4C123_RB1 --diag_warning=225 --diag_wrap=off --display_error_number --gen_func_subsections=on --ual --preproc_with_compile --preproc_dependency="blinky.d_raw"  "../blinky.c"
 
>> Compilation failure
subdir_rules.mk:9: recipe for target 'blinky.obj' failed
"../blinky.c", line 48: remark #1527-D: (ULP 2.1) Detected SW delay loop using empty loop. Recommend using a timer module instead
"../blinky.c", line 79: error #167: too few arguments in function call
"../blinky.c", line 82: error #167: too few arguments in function call
"../blinky.c", line 60: remark #1527-D: (ULP 2.1) Detected SW delay loop using empty loop. Recommend using a timer module instead
2 errors detected in the compilation of "../blinky.c".
gmake: *** [blinky.obj] Error 1
gmake: Target 'all' not remade because of errors.

**** Build Finished ****
